<?xml version="1.0" encoding="UTF-8"?>
<testsuite xmlns:xsi="http://www.w3.org/2001/XMLSchema-instance" xsi:noNamespaceSchemaLocation="https://maven.apache.org/surefire/maven-failsafe-plugin/xsd/failsafe-test-report-3.0.xsd" version="3.0" name="Moodle.LoginTest" time="14.13" tests="2" errors="0" skipped="0" failures="1">
  <properties>
[...]
</properties>
  <testcase name="negativeLoginTest" classname="Moodle.LoginTest" time="7.789">
    <system-out><![CDATA[18:36:28.932 [main] INFO  - 

-------------------------------------------------------------------------------------
     _______. _______ .______       _______ .__   __.  __  .___________.____    ____ 
    /       ||   ____||   _  \     |   ____||  \ |  | |  | |           |\   \  /   / 
   |   (----`|  |__   |  |_)  |    |  |__   |   \|  | |  | `---|  |----` \   \/   /  
    \   \    |   __|  |      /     |   __|  |  . `  | |  |     |  |       \_    _/   
.----)   |   |  |____ |  |\  \----.|  |____ |  |\   | |  |     |  |         |  |     
|_______/    |_______|| _| `._____||_______||__| \__| |__|     |__|         |__|    
                                                                                     
 News and tutorials at https://serenity-bdd.info                                     
 Documentation at https://serenity-bdd.github.io                                     
 Test Automation Training and Coaching: https://www.serenity-dojo.com                
 Commercial Support: https://www.serenity-dojo.com/serenity-bdd-enterprise-support   
 Join the Serenity Community on Gitter: https://gitter.im/serenity-bdd/serenity-core 
-------------------------------------------------------------------------------------

18:36:28.945 [main] DEBUG net.thucydides.core.steps.StepEventBus - Test suite started for LoginTest in class Moodle.LoginTest
18:36:28.966 [main] INFO  - Test Suite Started: LoginTest
18:36:29.723 [main] DEBUG net.thucydides.core.steps.StepEventBus - Test suite started for LoginTest in class Moodle.LoginTest
18:36:29.723 [main] INFO  - Test Suite Started: LoginTest
18:36:29.725 [main] DEBUG net.serenitybdd.junit5.SerenityTestExecutionListener - Thread[main,5,main] Test started TestIdentifier [uniqueId = [engine:junit-jupiter]/[class:Moodle.LoginTest]/[method:negativeLoginTest()], parentId = [engine:junit-jupiter]/[class:Moodle.LoginTest], displayName = 'negativeLoginTest()', legacyReportingName = 'negativeLoginTest()', source = MethodSource [className = 'Moodle.LoginTest', methodName = 'negativeLoginTest', methodParameterTypes = ''], tags = [], type = TEST]
18:36:29.733 [main] INFO  - 
  _____   ___   ___   _____     ___   _____     _     ___   _____   ___   ___  
 |_   _| | __| / __| |_   _|   / __| |_   _|   /_\   | _ \ |_   _| | __| |   \ 
   | |   | _|  \__ \   | |     \__ \   | |    / _ \  |   /   | |   | _|  | |) |
   |_|   |___| |___/   |_|     |___/   |_|   /_/ \_\ |_|_\   |_|   |___| |___/ 

negativeLoginTest()([engine:junit-jupiter]/[class:Moodle.LoginTest]/[method:negativeLoginTest()])
--------------------------------------------------------------------------------
18:36:29.890 [main] DEBUG net.thucydides.core.steps.StepInterceptor - STARTING STEP: LoginTest.negativeLoginTest - Navigate to Moodle login page
18:36:29.979 [main] INFO net.serenitybdd.core.webdriver.driverproviders.ChromeDriverProvider - Starting Chrome driver instance with capabilities:
18:36:29.986 [main] INFO net.serenitybdd.core.webdriver.driverproviders.ChromeDriverProvider - Capabilities {acceptInsecureCerts: false, browserName: chrome, goog:chromeOptions: {args: [remote-allow-origins=*], extensions: []}}
18:36:34.644 [main] DEBUG net.serenitybdd.core.photography.Darkroom - Opening darkroom
18:36:34.646 [Darkroom Processing Line] DEBUG net.serenitybdd.core.photography.DarkroomProcessingLine - Darkroom processing line starting up
18:36:35.150 [main] DEBUG net.serenitybdd.core.photography.Darkroom - Send negative for processing for c:\Users\valen\OneDrive\Documentos\UNIVERSIDAD\6°Semestre\calidadPruebas\serenity\target\site\serenity\9d98d5b3a568ab7df08c4742ced2d7af49a9fdbcbb09bdf7117ddacde598c12d.png
18:36:35.152 [main] DEBUG net.thucydides.core.steps.StepInterceptor - STEP DONE: Navigate to Moodle login page
18:36:35.161 [main] DEBUG net.thucydides.core.steps.StepInterceptor - STARTING STEP: LoginTest.negativeLoginTest - Enter username
18:36:35.175 [main] DEBUG net.thucydides.core.steps.StepInterceptor - STEP DONE: Enter username
18:36:35.190 [main] DEBUG net.thucydides.core.steps.StepInterceptor - STARTING STEP: LoginTest.negativeLoginTest - Enter password
18:36:35.787 [main] DEBUG net.serenitybdd.core.photography.Darkroom - Send negative for processing for c:\Users\valen\OneDrive\Documentos\UNIVERSIDAD\6°Semestre\calidadPruebas\serenity\target\site\serenity\1437e93fffadbb4bb7713533c5c34d73a93513d7c7f979a24f58ca50379b2e3d.png
18:36:35.788 [main] DEBUG net.thucydides.core.steps.StepInterceptor - STEP DONE: Enter password
18:36:35.788 [Darkroom Processing Line] DEBUG net.serenitybdd.core.photography.DarkroomProcessingLine - Processing screenshot image in /var/screenshots/screenshot-173044985355726873
18:36:35.788 [Darkroom Processing Line] DEBUG net.serenitybdd.core.photography.DarkroomProcessingLine - Saving screenshot to c:\Users\valen\OneDrive\Documentos\UNIVERSIDAD\6°Semestre\calidadPruebas\serenity\target\site\serenity\1437e93fffadbb4bb7713533c5c34d73a93513d7c7f979a24f58ca50379b2e3d.png
18:36:35.795 [main] DEBUG net.thucydides.core.steps.StepInterceptor - STARTING STEP: LoginTest.negativeLoginTest - Enter login info
18:36:37.060 [main] DEBUG net.serenitybdd.core.photography.Darkroom - Send negative for processing for c:\Users\valen\OneDrive\Documentos\UNIVERSIDAD\6°Semestre\calidadPruebas\serenity\target\site\serenity\93a3b40cb41491430c867424ff26d1415b3658e60b3fb1c6da4323d982c32ae1.png
18:36:37.061 [Darkroom Processing Line] DEBUG net.serenitybdd.core.photography.DarkroomProcessingLine - Processing screenshot image in /var/screenshots/screenshot-12858764909071763991
18:36:37.061 [main] DEBUG net.thucydides.core.steps.StepInterceptor - STEP DONE: Enter login info
18:36:37.061 [Darkroom Processing Line] DEBUG net.serenitybdd.core.photography.DarkroomProcessingLine - Saving screenshot to c:\Users\valen\OneDrive\Documentos\UNIVERSIDAD\6°Semestre\calidadPruebas\serenity\target\site\serenity\93a3b40cb41491430c867424ff26d1415b3658e60b3fb1c6da4323d982c32ae1.png
18:36:37.522 [main] DEBUG net.serenitybdd.core.photography.Darkroom - Send negative for processing for c:\Users\valen\OneDrive\Documentos\UNIVERSIDAD\6°Semestre\calidadPruebas\serenity\target\site\serenity\61bb9cbafffe81974b36e6e346df3d7f65538fe610cc8b052eaa35ca68e97c0a.png
18:36:37.523 [Darkroom Processing Line] DEBUG net.serenitybdd.core.photography.DarkroomProcessingLine - Processing screenshot image in /var/screenshots/screenshot-10149982956644355878
18:36:37.523 [Darkroom Processing Line] DEBUG net.serenitybdd.core.photography.DarkroomProcessingLine - Saving screenshot to c:\Users\valen\OneDrive\Documentos\UNIVERSIDAD\6°Semestre\calidadPruebas\serenity\target\site\serenity\61bb9cbafffe81974b36e6e346df3d7f65538fe610cc8b052eaa35ca68e97c0a.png
]]></system-out>
    <system-err><![CDATA[jun. 13, 2024 6:36:32 P. M. org.openqa.selenium.devtools.CdpVersionFinder findNearestMatch
WARNING: Unable to find an exact match for CDP version 125, returning the closest version; found: 124; Please update to a Selenium version that supports CDP version 125
]]></system-err>
  </testcase>
  <testcase name="positiveLoginTest" classname="Moodle.LoginTest" time="5.027">
    <failure message="&#10;expected: &quot;https://micampusvirtual.usbcali.edu.co/my/courses.php&quot;&#10; but was: &quot;https://micampusvirtual.usbcali.edu.co/login/index.php&quot;" type="org.opentest4j.AssertionFailedError"><![CDATA[org.opentest4j.AssertionFailedError: 

expected: "https://micampusvirtual.usbcali.edu.co/my/courses.php"
 but was: "https://micampusvirtual.usbcali.edu.co/login/index.php"
	at java.base/jdk.internal.reflect.NativeConstructorAccessorImpl.newInstance0(Native Method)
	at java.base/jdk.internal.reflect.NativeConstructorAccessorImpl.newInstance(NativeConstructorAccessorImpl.java:77)
	at java.base/jdk.internal.reflect.DelegatingConstructorAccessorImpl.newInstance(DelegatingConstructorAccessorImpl.java:45)
	at java.base/java.lang.reflect.Constructor.newInstanceWithCaller(Constructor.java:499)
	at Moodle.LoginTest.lambda$0(LoginTest.java:31)
	at net.serenitybdd.core.Serenity.reportThat(Serenity.java:365)
	at Moodle.LoginTest.positiveLoginTest(LoginTest.java:30)
	at java.base/java.lang.reflect.Method.invoke(Method.java:568)
	at java.base/java.util.ArrayList.forEach(ArrayList.java:1511)
	at java.base/java.util.ArrayList.forEach(ArrayList.java:1511)
]]></failure>
    <system-out><![CDATA[18:36:37.545 [main] INFO  - 
  _____   ___   ___   _____     ___     _     ___   ___   ___   ___  
 |_   _| | __| / __| |_   _|   | _ \   /_\   / __| / __| | __| |   \ 
   | |   | _|  \__ \   | |     |  _/  / _ \  \__ \ \__ \ | _|  | |) |
   |_|   |___| |___/   |_|     |_|   /_/ \_\ |___/ |___/ |___| |___/ 

Negative login test
----------------------------------------------------------------------
18:36:37.963 [main] DEBUG net.thucydides.core.steps.StepEventBus - Test suite started for LoginTest in class Moodle.LoginTest
18:36:37.963 [main] INFO  - Test Suite Started: LoginTest
18:36:37.965 [main] DEBUG net.serenitybdd.junit5.SerenityTestExecutionListener - Thread[main,5,main] Test started TestIdentifier [uniqueId = [engine:junit-jupiter]/[class:Moodle.LoginTest]/[method:positiveLoginTest()], parentId = [engine:junit-jupiter]/[class:Moodle.LoginTest], displayName = 'positiveLoginTest()', legacyReportingName = 'positiveLoginTest()', source = MethodSource [className = 'Moodle.LoginTest', methodName = 'positiveLoginTest', methodParameterTypes = ''], tags = [], type = TEST]
18:36:37.971 [main] INFO  - 
  _____   ___   ___   _____     ___   _____     _     ___   _____   ___   ___  
 |_   _| | __| / __| |_   _|   / __| |_   _|   /_\   | _ \ |_   _| | __| |   \ 
   | |   | _|  \__ \   | |     \__ \   | |    / _ \  |   /   | |   | _|  | |) |
   |_|   |___| |___/   |_|     |___/   |_|   /_/ \_\ |_|_\   |_|   |___| |___/ 

positiveLoginTest()([engine:junit-jupiter]/[class:Moodle.LoginTest]/[method:positiveLoginTest()])
--------------------------------------------------------------------------------
18:36:37.975 [main] DEBUG net.thucydides.core.steps.StepInterceptor - STARTING STEP: LoginTest.positiveLoginTest - Navigate to Moodle login page
18:36:38.031 [main] INFO net.serenitybdd.core.webdriver.driverproviders.ChromeDriverProvider - Starting Chrome driver instance with capabilities:
18:36:38.032 [main] INFO net.serenitybdd.core.webdriver.driverproviders.ChromeDriverProvider - Capabilities {acceptInsecureCerts: false, browserName: chrome, goog:chromeOptions: {args: [remote-allow-origins=*], extensions: []}}
18:36:41.162 [main] DEBUG net.serenitybdd.core.photography.Darkroom - Opening darkroom
18:36:41.165 [Darkroom Processing Line] DEBUG net.serenitybdd.core.photography.DarkroomProcessingLine - Darkroom processing line starting up
18:36:41.593 [main] DEBUG net.serenitybdd.core.photography.Darkroom - Send negative for processing for c:\Users\valen\OneDrive\Documentos\UNIVERSIDAD\6°Semestre\calidadPruebas\serenity\target\site\serenity\9d98d5b3a568ab7df08c4742ced2d7af49a9fdbcbb09bdf7117ddacde598c12d.png
18:36:41.594 [main] DEBUG net.thucydides.core.steps.StepInterceptor - STEP DONE: Navigate to Moodle login page
18:36:41.602 [main] DEBUG net.thucydides.core.steps.StepInterceptor - STARTING STEP: LoginTest.positiveLoginTest - Enter username
18:36:41.608 [main] DEBUG net.thucydides.core.steps.StepInterceptor - STEP DONE: Enter username
18:36:41.618 [main] DEBUG net.thucydides.core.steps.StepInterceptor - STARTING STEP: LoginTest.positiveLoginTest - Enter password
18:36:41.626 [main] DEBUG net.thucydides.core.steps.StepInterceptor - STEP DONE: Enter password
18:36:41.633 [main] DEBUG net.thucydides.core.steps.StepInterceptor - STARTING STEP: LoginTest.positiveLoginTest - Enter login info
18:36:42.743 [main] DEBUG net.serenitybdd.core.photography.Darkroom - Send negative for processing for c:\Users\valen\OneDrive\Documentos\UNIVERSIDAD\6°Semestre\calidadPruebas\serenity\target\site\serenity\9d98d5b3a568ab7df08c4742ced2d7af49a9fdbcbb09bdf7117ddacde598c12d.png
18:36:42.744 [main] DEBUG net.thucydides.core.steps.StepInterceptor - STEP DONE: Enter login info
]]></system-out>
    <system-err><![CDATA[jun. 13, 2024 6:36:39 P. M. org.openqa.selenium.devtools.CdpVersionFinder findNearestMatch
WARNING: Unable to find an exact match for CDP version 125, returning the closest version; found: 124; Please update to a Selenium version that supports CDP version 125
]]></system-err>
  </testcase>
</testsuite>